<?xml version="1.0" encoding="UTF-8"?>
<!-- Generated by org.testng.reporters.JUnitReportReporter -->
<testsuite hostname="HP" failures="0" tests="1" name="vtiger.Contact" time="23.384" errors="0" timestamp="2023-11-27T23:42:39 IST" skipped="0">
  <testcase classname="vtiger.Contact" name="Contacts" time="23.384">
    <system-out>
      <![CDATA[testscript execution started
testscript is passed]]>
    </system-out>
  </testcase> <!-- Contacts -->
  <system-out>
    <![CDATA[**connect to data base**
testscript execution started
testscript is passed
Disconnect to data base]]>
  </system-out>
</testsuite> <!-- vtiger.Contact -->
