<?xml version="1.0" encoding="UTF-8"?>
<!-- Generated by org.testng.reporters.JUnitReportReporter -->
<testsuite hostname="HP" failures="0" tests="1" name="vtiger.Oragnization" time="20.201" errors="0" timestamp="2023-11-27T19:39:47 IST" skipped="0">
  <testcase classname="vtiger.Oragnization" name="Organizations" time="20.201"/>
  <system-out>
    <![CDATA[**connect to data base**
Disconnect to data base]]>
  </system-out>
</testsuite> <!-- vtiger.Oragnization -->
